<?xml version="1.0" encoding="UTF-8" ?>
<testsuite errors="1" failures="13" hostname="Matebook-KevinH" name="Fine.FineIT" skipped="0" tests="14" time="0.061" timestamp="2023-10-21T06:50:37">
  <properties>
    <property name="libs.jsp-compiler.javadoc" value="" />
    <property name="netbeans.autoupdate.country" value="CR" />
    <property name="libs.jakartaee-web-api-8.0.src" value="" />
    <property name="javafx.binarycss" value="false" />
    <property name="libs.graaljs.maven-pom" value="" />
    <property name="javac.test.classpath" value="C:\Users\Adria\Downloads\jdk1.8.0_361\jdk1.8.0_361/jre/lib/javaws.jar:C:\Users\Adria\Downloads\jdk1.8.0_361\jdk1.8.0_361/jre/lib/deploy.jar:C:\Users\Adria\Downloads\jdk1.8.0_361\jdk1.8.0_361/jre/lib/plugin.jar:C:\Users\Adria\Downloads\mysql-connector-java-8.0.25.jar:build/classes:D:\NetBeans-12.5\netbeans\platform\modules\ext\junit-4.13.2.jar:D:\NetBeans-12.5\netbeans\platform\modules\ext\hamcrest-core-1.3.jar" />
    <property name="libs.jsf20.maven-pom" value="" />
    <property name="manifest.custom.codebase" value="*" />
    <property name="javac.test.sourcepath" value="C:\Users\Adria\OneDrive\Documentos\GitHub\Paradigmas\build\empty" />
    <property name="maven.defaultProjectBuilder.disableGlobalModelCache" value="true" />
    <property name="libs.spring-webmvc4.0.src" value="" />
    <property name="javac.includes" value="Fine/FineIT.java" />
    <property name="ant.core.lib" value="D:\NetBeans-12.5\netbeans\extide\ant\lib\ant.jar" />
    <property name="javadoc.windowtitle" value="" />
    <property name="libs.jsp-compilation.javadoc" value="" />
    <property name="javafx.preloader.enabled" value="false" />
    <property name="user.dir" value="C:\Users\Adria\OneDrive\Documentos\GitHub\Paradigmas" />
    <property name="libs.javaee-api-7.0.src" value="" />
    <property name="java.vm.version" value="25.361-b09" />
    <property name="libs.jakartaee-web-api-8.0.maven-pom" value="" />
    <property name="libs.eclipselinkmodelgen.src" value="" />
    <property name="javadoc.notree" value="false" />
    <property name="netbeans.autoupdate.version" value="1.23" />
    <property name="libs.javaee-web-api-6.0.classpath" value="D:\NetBeans-12.5\netbeans\enterprise\modules\ext\javaee-web-api-6.0.jar" />
    <property name="javac.profile.cmd.line.arg" value="" />
    <property name="jdk.home" value="C:\Program Files\Java\jdk-12.0.2" />
    <property name="javafx.enabled" value="true" />
    <property name="javadoc.noindex" value="false" />
    <property name="sun.os.patch.level" value="" />
    <property name="auxiliary.org-netbeans-modules-projectapi.issue214819_5f_fx_5f_enabled" value="true" />
    <property name="java.vm.specification.name" value="Java Virtual Machine Specification" />
    <property name="nb.show.statistics.ui" value="usageStatisticsEnabled" />
    <property name="netbeans.autoupdate.variant" value="" />
    <property name="have.tests" value="true" />
    <property name="org.xml.sax.driver" value="com.sun.org.apache.xerces.internal.jaxp.SAXParserImpl$JAXPSAXParser" />
    <property name="libs.hamcrest.classpath" value="D:\NetBeans-12.5\netbeans\platform\modules\ext\hamcrest-core-1.3.jar" />
    <property name="os.name" value="Windows 11" />
    <property name="libs.jakartaee-web-api-9.0.javadoc" value="D:\NetBeans-12.5\netbeans\enterprise\docs\jakartaee9-doc-api.jar" />
    <property name="test.class" value="Fine.FineIT" />
    <property name="java.specification.maintenance.version" value="4" />
    <property name="libs.javaee-endorsed-api-7.0.maven-pom" value="" />
    <property name="ap.proc.none.internal" value="" />
    <property name="libs.restapi.javadoc" value="" />
    <property name="libs.JWSAntTasks.maven-pom" value="" />
    <property name="libs.jstl.classpath" value="D:\NetBeans-12.5\netbeans\enterprise\modules\ext\jstl-impl.jar;D:\NetBeans-12.5\netbeans\enterprise\modules\ext\jstl-api.jar" />
    <property name="libs.testng.src" value="" />
    <property name="javafx.preloader.project.path" value="" />
    <property name="libs.spring-webmvc3.0.src" value="" />
    <property name="libs.restapi.classpath" value="D:\NetBeans-12.5\netbeans\enterprise\modules\ext\jaxrs-2.1\jakarta.ws.rs-api-2.1.6.jar" />
    <property name="java.vendor.url.bug" value="http://bugreport.sun.com/bugreport/" />
    <property name="javafx.preloader.type" value="none" />
    <property name="libs.jaxb.maven-pom" value="" />
    <property name="os.arch" value="amd64" />
    <property name="libs.eclipselink.src" value="" />
    <property name="user.name" value="Adria" />
    <property name="libs.jsf12.javadoc" value="D:\NetBeans-12.5\netbeans\enterprise\docs\javaee-doc-api.jar" />
    <property name="copylibs.rebase" value="true" />
    <property name="libs.spring-webmvc5.0.javadoc" value="" />
    <property name="libs.spring-framework500.classpath" value="D:\NetBeans-12.5\netbeans\platform\modules\org-apache-commons-logging.jar;D:\NetBeans-12.5\netbeans\java\modules\ext\cglib-2.2.jar;D:\NetBeans-12.5\netbeans\java\modules\ext\spring-5\spring-aop-5.2.9.RELEASE.jar;D:\NetBeans-12.5\netbeans\java\modules\ext\spring-5\spring-aspects-5.2.9.RELEASE.jar;D:\NetBeans-12.5\netbeans\java\modules\ext\spring-5\spring-beans-5.2.9.RELEASE.jar;D:\NetBeans-12.5\netbeans\java\modules\ext\spring-5\spring-context-5.2.9.RELEASE.jar;D:\NetBeans-12.5\netbeans\java\modules\ext\spring-5\spring-context-indexer-5.2.9.RELEASE.jar;D:\NetBeans-12.5\netbeans\java\modules\ext\spring-5\spring-context-support-5.2.9.RELEASE.jar;D:\NetBeans-12.5\netbeans\java\modules\ext\spring-5\spring-core-5.2.9.RELEASE.jar;D:\NetBeans-12.5\netbeans\java\modules\ext\spring-5\spring-expression-5.2.9.RELEASE.jar;D:\NetBeans-12.5\netbeans\java\modules\ext\spring-5\spring-instrument-5.2.9.RELEASE.jar;D:\NetBeans-12.5\netbeans\java\modules\ext\spring-5\spring-jcl-5.2.9.RELEASE.jar;D:\NetBeans-12.5\netbeans\java\modules\ext\spring-5\spring-jdbc-5.2.9.RELEASE.jar;D:\NetBeans-12.5\netbeans\java\modules\ext\spring-5\spring-jms-5.2.9.RELEASE.jar;D:\NetBeans-12.5\netbeans\java\modules\ext\spring-5\spring-messaging-5.2.9.RELEASE.jar;D:\NetBeans-12.5\netbeans\java\modules\ext\spring-5\spring-orm-5.2.9.RELEASE.jar;D:\NetBeans-12.5\netbeans\java\modules\ext\spring-5\spring-oxm-5.2.9.RELEASE.jar;D:\NetBeans-12.5\netbeans\java\modules\ext\spring-5\spring-test-5.2.9.RELEASE.jar;D:\NetBeans-12.5\netbeans\java\modules\ext\spring-5\spring-tx-5.2.9.RELEASE.jar;D:\NetBeans-12.5\netbeans\java\modules\ext\spring-5\spring-web-5.2.9.RELEASE.jar;D:\NetBeans-12.5\netbeans\java\modules\ext\spring-5\spring-webflux-5.2.9.RELEASE.jar;D:\NetBeans-12.5\netbeans\java\modules\ext\spring-5\spring-webmvc-5.2.9.RELEASE.jar;D:\NetBeans-12.5\netbeans\java\modules\ext\spring-5\spring-websocket-5.2.9.RELEASE.jar" />
    <property name="libs.spring-webmvc3.0.maven-pom" value="" />
    <property name="sun.java.command" value="org.apache.tools.ant.taskdefs.optional.junit.JUnitTestRunner Fine.FineIT skipNonTests=false filtertrace=true haltOnError=false haltOnFailure=false showoutput=true outputtoformatters=true logfailedtests=true threadid=0 logtestlistenerevents=true formatter=org.apache.tools.ant.taskdefs.optional.junit.BriefJUnitResultFormatter formatter=org.apache.tools.ant.taskdefs.optional.junit.XMLJUnitResultFormatter,C:\Users\Adria\OneDrive\Documentos\GitHub\Paradigmas\build\test\results\TEST-Fine.FineIT.xml crashfile=C:\Users\Adria\OneDrive\Documentos\GitHub\Paradigmas\build\junitvmwatcher8437646029424490472.properties propsfile=C:\Users\Adria\OneDrive\Documentos\GitHub\Paradigmas\build\junit903750621404680011.properties" />
    <property name="build.classes.dir" value="build/classes" />
    <property name="build.sysclasspath" value="ignore" />
    <property name="manifest.encoding" value="UTF-8" />
    <property name="ap.supported.internal" value="true" />
    <property name="java.failonerror" value="true" />
    <property name="libs.javaee-api-8.0.maven-pom" value="" />
    <property name="run.modulepath" value="" />
    <property name="libs.javaee-endorsed-api-7.0.javadoc" value="D:\NetBeans-12.5\netbeans\enterprise\docs\javaee-doc-api.jar" />
    <property name="libs.jaxws21.javadoc" value="D:\NetBeans-12.5\netbeans\java\docs\jaxws-api-doc.zip" />
    <property name="jdk.debug" value="release" />
    <property name="libs.spring-webmvc4.0.javadoc" value="" />
    <property name="javafx.run.width" value="800" />
    <property name="includes" value="**" />
    <property name="ant.file.type.GestionBiblioteca-impl" value="file" />
    <property name="libs.MySQL.src" value="" />
    <property name="user.country" value="CR" />
    <property name="manifest.file" value="manifest.mf" />
    <property name="javadoc.encoding" value="UTF-8" />
    <property name="platform.home" value="C:\Users\Adria\Downloads\jdk1.8.0_361\jdk1.8.0_361" />
    <property name="javac.classpath" value="C:\Users\Adria\Downloads\jdk1.8.0_361\jdk1.8.0_361/jre/lib/javaws.jar:C:\Users\Adria\Downloads\jdk1.8.0_361\jdk1.8.0_361/jre/lib/deploy.jar:C:\Users\Adria\Downloads\jdk1.8.0_361\jdk1.8.0_361/jre/lib/plugin.jar:C:\Users\Adria\Downloads\mysql-connector-java-8.0.25.jar" />
    <property name="libs.jsp-compilation-syscp.src" value="" />
    <property name="libs.spring-framework400.classpath" value="D:\NetBeans-12.5\netbeans\platform\modules\org-apache-commons-logging.jar;D:\NetBeans-12.5\netbeans\java\modules\ext\cglib-2.2.jar;D:\NetBeans-12.5\netbeans\java\modules\ext\spring-4\spring-aop-4.3.29.RELEASE.jar;D:\NetBeans-12.5\netbeans\java\modules\ext\spring-4\spring-aspects-4.3.29.RELEASE.jar;D:\NetBeans-12.5\netbeans\java\modules\ext\spring-4\spring-beans-4.3.29.RELEASE.jar;D:\NetBeans-12.5\netbeans\java\modules\ext\spring-4\spring-context-4.3.29.RELEASE.jar;D:\NetBeans-12.5\netbeans\java\modules\ext\spring-4\spring-context-support-4.3.29.RELEASE.jar;D:\NetBeans-12.5\netbeans\java\modules\ext\spring-4\spring-core-4.3.29.RELEASE.jar;D:\NetBeans-12.5\netbeans\java\modules\ext\spring-4\spring-expression-4.3.29.RELEASE.jar;D:\NetBeans-12.5\netbeans\java\modules\ext\spring-4\spring-instrument-4.3.29.RELEASE.jar;D:\NetBeans-12.5\netbeans\java\modules\ext\spring-4\spring-instrument-tomcat-4.3.29.RELEASE.jar;D:\NetBeans-12.5\netbeans\java\modules\ext\spring-4\spring-jdbc-4.3.29.RELEASE.jar;D:\NetBeans-12.5\netbeans\java\modules\ext\spring-4\spring-jms-4.3.29.RELEASE.jar;D:\NetBeans-12.5\netbeans\java\modules\ext\spring-4\spring-messaging-4.3.29.RELEASE.jar;D:\NetBeans-12.5\netbeans\java\modules\ext\spring-4\spring-orm-4.3.29.RELEASE.jar;D:\NetBeans-12.5\netbeans\java\modules\ext\spring-4\spring-oxm-4.3.29.RELEASE.jar;D:\NetBeans-12.5\netbeans\java\modules\ext\spring-4\spring-test-4.3.29.RELEASE.jar;D:\NetBeans-12.5\netbeans\java\modules\ext\spring-4\spring-tx-4.3.29.RELEASE.jar;D:\NetBeans-12.5\netbeans\java\modules\ext\spring-4\spring-web-4.3.29.RELEASE.jar;D:\NetBeans-12.5\netbeans\java\modules\ext\spring-4\spring-webmvc-4.3.29.RELEASE.jar;D:\NetBeans-12.5\netbeans\java\modules\ext\spring-4\spring-webmvc-portlet-4.3.29.RELEASE.jar;D:\NetBeans-12.5\netbeans\java\modules\ext\spring-4\spring-websocket-4.3.29.RELEASE.jar" />
    <property name="platform.bootcp" value="C:\Users\Adria\Downloads\jdk1.8.0_361\jdk1.8.0_361\jre\lib\resources.jar;C:\Users\Adria\Downloads\jdk1.8.0_361\jdk1.8.0_361\jre\lib\rt.jar;C:\Users\Adria\Downloads\jdk1.8.0_361\jdk1.8.0_361\jre\lib\jsse.jar;C:\Users\Adria\Downloads\jdk1.8.0_361\jdk1.8.0_361\jre\lib\jce.jar;C:\Users\Adria\Downloads\jdk1.8.0_361\jdk1.8.0_361\jre\lib\charsets.jar;C:\Users\Adria\Downloads\jdk1.8.0_361\jdk1.8.0_361\jre\lib\jfr.jar;C:\Users\Adria\Downloads\jdk1.8.0_361\jdk1.8.0_361\jre\classes;C:\Users\Adria\Downloads\jdk1.8.0_361\jdk1.8.0_361\jre\lib\ext\access-bridge-64.jar;C:\Users\Adria\Downloads\jdk1.8.0_361\jdk1.8.0_361\jre\lib\ext\cldrdata.jar;C:\Users\Adria\Downloads\jdk1.8.0_361\jdk1.8.0_361\jre\lib\ext\dnsns.jar;C:\Users\Adria\Downloads\jdk1.8.0_361\jdk1.8.0_361\jre\lib\ext\jaccess.jar;C:\Users\Adria\Downloads\jdk1.8.0_361\jdk1.8.0_361\jre\lib\ext\jfxrt.jar;C:\Users\Adria\Downloads\jdk1.8.0_361\jdk1.8.0_361\jre\lib\ext\localedata.jar;C:\Users\Adria\Downloads\jdk1.8.0_361\jdk1.8.0_361\jre\lib\ext\nashorn.jar;C:\Users\Adria\Downloads\jdk1.8.0_361\jdk1.8.0_361\jre\lib\ext\sunec.jar;C:\Users\Adria\Downloads\jdk1.8.0_361\jdk1.8.0_361\jre\lib\ext\sunjce_provider.jar;C:\Users\Adria\Downloads\jdk1.8.0_361\jdk1.8.0_361\jre\lib\ext\sunmscapi.jar;C:\Users\Adria\Downloads\jdk1.8.0_361\jdk1.8.0_361\jre\lib\ext\sunpkcs11.jar;C:\Users\Adria\Downloads\jdk1.8.0_361\jdk1.8.0_361\jre\lib\ext\zipfs.jar" />
    <property name="debug-transport" value="dt_shmem" />
    <property name="netbeans.home" value="D:\NetBeans-12.5\netbeans\platform" />
    <property name="build.compiler.emacs" value="true" />
    <property name="libs.javaee-web-api-6.0.src" value="" />
    <property name="libs.jsp-compilation-syscp.classpath" value="D:\NetBeans-12.5\netbeans\extide\ant\lib\ant.jar;D:\NetBeans-12.5\netbeans\enterprise\modules\ext\servlet3.1-jsp2.3-api.jar;D:\NetBeans-12.5\netbeans\enterprise\modules\ext\glassfish-jspparser-4.0.jar;D:\NetBeans-12.5\netbeans\enterprise\modules\ext\jstl-impl.jar;D:\NetBeans-12.5\netbeans\enterprise\modules\ext\jsf-2_2\javax.faces.jar" />
    <property name="javac.modulepath" value="" />
    <property name="javafx.deploy.includeDT" value="true" />
    <property name="java.endorsed.dirs" value="C:\Users\Adria\Downloads\jdk1.8.0_361\jdk1.8.0_361\jre\lib\endorsed" />
    <property name="libs.groovy-all.src" value="" />
    <property name="libs.junit_5.src" value="D:\NetBeans-12.5\netbeans\platform\docs\junit-jupiter-api-5.6.0-sources.jar;D:\NetBeans-12.5\netbeans\platform\docs\junit-jupiter-params-5.6.0-sources.jar;D:\NetBeans-12.5\netbeans\platform\docs\junit-jupiter-engine-5.6.0-sources.jar" />
    <property name="test.includes" value="Fine/FineIT.java" />
    <property name="libs.jakartaee-api-8.0.classpath" value="D:\NetBeans-12.5\netbeans\enterprise\modules\ext\jakarta.jakartaee-api-8.0.0.jar" />
    <property name="netbeans.dynamic.classpath" value="D:\NetBeans-12.5\netbeans\platform\core\asm-9.2.jar;D:\NetBeans-12.5\netbeans\platform\core\asm-commons-9.2.jar;D:\NetBeans-12.5\netbeans\platform\core\asm-tree-9.2.jar;D:\NetBeans-12.5\netbeans\platform\core\core-base.jar;D:\NetBeans-12.5\netbeans\platform\core\core.jar;D:\NetBeans-12.5\netbeans\platform\core\org-netbeans-libs-asm.jar;D:\NetBeans-12.5\netbeans\platform\core\org-openide-filesystems-compat8.jar;D:\NetBeans-12.5\netbeans\platform\core\org-openide-filesystems.jar;D:\NetBeans-12.5\netbeans\nb\core\org-netbeans-upgrader.jar;D:\NetBeans-12.5\netbeans\nb\core\locale\core_nb.jar" />
    <property name="jnlp.enabled" value="false" />
    <property name="java.vm.specification.version" value="1.8" />
    <property name="plugin.manager.check.updates" value="false" />
    <property name="libs.primefaces.classpath" value="D:\NetBeans-12.5\netbeans\enterprise\modules\ext\primefaces\primefaces-5.0.jar" />
    <property name="libs.javaee-api-6.0.classpath" value="D:\NetBeans-12.5\netbeans\enterprise\modules\ext\javaee-api-6.0.jar" />
    <property name="libs.groovy-all.maven-pom" value="" />
    <property name="libs.MySQL.maven-pom" value="" />
    <property name="netbeans.productversion" value="Apache NetBeans IDE 12.5" />
    <property name="javafx.preloader.class" value="" />
    <property name="libs.jaxws21.src" value="" />
    <property name="application.title" value="GestionBiblioteca" />
    <property name="libs.spring-webmvc5.0.classpath" value="D:\NetBeans-12.5\netbeans\java\modules\ext\spring-5\spring-webmvc-5.2.9.RELEASE.jar" />
    <property name="netbeans.autoupdate.language" value="es" />
    <property name="java.vendor" value="Oracle Corporation" />
    <property name="libs.javaee-api-6.0.javadoc" value="D:\NetBeans-12.5\netbeans\enterprise\docs\javaee-doc-api.jar" />
    <property name="jar.index.metainf" value="false" />
    <property name="javac.debug" value="true" />
    <property name="javadoc.splitindex" value="true" />
    <property name="file.separator" value="\" />
    <property name="javac.includesfile.binary" value="C:\Users\Adria\OneDrive\Documentos\GitHub\Paradigmas\null615902683" />
    <property name="libs.junit_4.maven-pom" value="" />
    <property name="mkdist.disabled" value="false" />
    <property name="javac.test.processorpath" value="C:\Users\Adria\Downloads\jdk1.8.0_361\jdk1.8.0_361/jre/lib/javaws.jar:C:\Users\Adria\Downloads\jdk1.8.0_361\jdk1.8.0_361/jre/lib/deploy.jar:C:\Users\Adria\Downloads\jdk1.8.0_361\jdk1.8.0_361/jre/lib/plugin.jar:C:\Users\Adria\Downloads\mysql-connector-java-8.0.25.jar:build/classes:D:\NetBeans-12.5\netbeans\platform\modules\ext\junit-4.13.2.jar:D:\NetBeans-12.5\netbeans\platform\modules\ext\hamcrest-core-1.3.jar" />
    <property name="netbeans.buildnumber" value="12.5-fd523ddc12d6156412d7b81f0c8663d8913d1021" />
    <property name="libs.JWSAntTasks.javadoc" value="" />
    <property name="build.generated.sources.dir" value="build/generated-sources" />
    <property name="user.variant" value="" />
    <property name="libs.eclipselinkmodelgen.classpath" value="D:\NetBeans-12.5\netbeans\java\modules\ext\eclipselink\org.eclipse.persistence.jpa.modelgen.processor-2.7.7.jar" />
    <property name="libs.javaee-endorsed-api-7.0.src" value="" />
    <property name="sun.java.launcher" value="SUN_STANDARD" />
    <property name="libs.jaxb.javadoc" value="D:\NetBeans-12.5\netbeans\ide\docs\jaxb-api-doc.jar" />
    <property name="libs.struts.classpath" value="D:\NetBeans-12.5\netbeans\enterprise\modules\ext\struts\antlr-2.7.2.jar;D:\NetBeans-12.5\netbeans\enterprise\modules\ext\struts\bsf-2.3.0.jar;D:\NetBeans-12.5\netbeans\enterprise\modules\ext\struts\commons-beanutils-1.8.0.jar;D:\NetBeans-12.5\netbeans\enterprise\modules\ext\struts\commons-chain-1.2.jar;D:\NetBeans-12.5\netbeans\enterprise\modules\ext\struts\commons-digester-1.8.jar;D:\NetBeans-12.5\netbeans\enterprise\modules\ext\struts\commons-fileupload-1.1.1.jar;D:\NetBeans-12.5\netbeans\enterprise\modules\ext\struts\commons-io-1.1.jar;D:\NetBeans-12.5\netbeans\enterprise\modules\ext\struts\commons-logging-1.0.4.jar;D:\NetBeans-12.5\netbeans\enterprise\modules\ext\struts\commons-validator-1.3.1.jar;D:\NetBeans-12.5\netbeans\enterprise\modules\ext\struts\jstl-1.0.2.jar;D:\NetBeans-12.5\netbeans\enterprise\modules\ext\struts\oro-2.0.8.jar;D:\NetBeans-12.5\netbeans\enterprise\modules\ext\struts\standard-1.0.6.jar;D:\NetBeans-12.5\netbeans\enterprise\modules\ext\struts\struts-core-1.3.10.jar;D:\NetBeans-12.5\netbeans\enterprise\modules\ext\struts\struts-el-1.3.10.jar;D:\NetBeans-12.5\netbeans\enterprise\modules\ext\struts\struts-extras-1.3.10.jar;D:\NetBeans-12.5\netbeans\enterprise\modules\ext\struts\struts-faces-1.3.10.jar;D:\NetBeans-12.5\netbeans\enterprise\modules\ext\struts\struts-mailreader-dao-1.3.10.jar;D:\NetBeans-12.5\netbeans\enterprise\modules\ext\struts\struts-scripting-1.3.10.jar;D:\NetBeans-12.5\netbeans\enterprise\modules\ext\struts\struts-taglib-1.3.10.jar;D:\NetBeans-12.5\netbeans\enterprise\modules\ext\struts\struts-tiles-1.3.10.jar" />
    <property name="javac.includes.binary" value="C:\Users\Adria\OneDrive\Documentos\GitHub\Paradigmas\build\test\classes\Fine\FineIT.class" />
    <property name="ant.home" value="D:\NetBeans-12.5\netbeans\extide\ant" />
    <property name="libs.junit_4.src" value="D:\NetBeans-12.5\netbeans\platform\docs\junit-4.13.2-sources.jar" />
    <property name="javafx.run.height" value="600" />
    <property name="libs.testng.classpath" value="D:\NetBeans-12.5\netbeans\platform\modules\ext\testng-6.14.3.jar;D:\NetBeans-12.5\netbeans\platform\modules\ext\jcommander-1.78.jar" />
    <property name="libs.absolutelayout.maven-pom" value="" />
    <property name="ant.java.version" value="12" />
    <property name="java.library.path" value="C:\Users\Adria\Downloads\jdk1.8.0_361\jdk1.8.0_361\bin;C:\WINDOWS\Sun\Java\bin;C:\WINDOWS\system32;C:\WINDOWS;C:\WINDOWS\system32;C:\WINDOWS;C:\WINDOWS\System32\Wbem;C:\WINDOWS\System32\WindowsPowerShell\v1.0\;C:\WINDOWS\System32\OpenSSH\;C:\Program Files\nodejs\;C:\Program Files\Git\cmd;C:\Program Files (x86)\Windows Kits\10\Windows Performance Toolkit\;C:\Users\Adria\AppData\Local\Microsoft\WindowsApps;C:\Users\Adria\AppData\Local\Programs\Microsoft VS Code\bin;C:\Users\Adria\AppData\Roaming\npm;C:\Users\Adria\AppData\Local\GitHubDesktop\bin;." />
    <property name="javadoc.author" value="false" />
    <property name="libs.metro.maven-pom" value="" />
    <property name="java.util.logging.config.class" value="org.netbeans.core.startup.TopLogging" />
    <property name="libs.spring-framework400.src" value="" />
    <property name="libs.PostgreSQLDriver.src" value="" />
    <property name="libs.graaljs.javadoc" value="" />
    <property name="libs.jakartaee-web-api-9.0.maven-pom" value="" />
    <property name="libs.spring-framework500.javadoc" value="" />
    <property name="libs.graaljs.src" value="" />
    <property name="sun.arch.data.model" value="64" />
    <property name="basedir" value="C:\Users\Adria\OneDrive\Documentos\GitHub\Paradigmas" />
    <property name="libs.jpa20-persistence.maven-pom" value="" />
    <property name="jar.compress" value="false" />
    <property name="libs.javaee-web-api-7.0.classpath" value="D:\NetBeans-12.5\netbeans\enterprise\modules\ext\javaee-web-api-7.0.jar" />
    <property name="path.separator" value=";" />
    <property name="libs.javaee-web-api-6.0.javadoc" value="D:\NetBeans-12.5\netbeans\enterprise\docs\javaee-doc-api.jar" />
    <property name="ant.junit.enabletestlistenerevents" value="true" />
    <property name="platform.javac" value="C:\Users\Adria\Downloads\jdk1.8.0_361\jdk1.8.0_361/bin/javac" />
    <property name="sun.io.unicode.encoding" value="UnicodeLittle" />
    <property name="libs.jaxws21.classpath" value="D:\NetBeans-12.5\netbeans\ide\modules\ext\jaxb\jaxb-impl.jar;D:\NetBeans-12.5\netbeans\ide\modules\ext\jaxb\jaxb-xjc.jar;D:\NetBeans-12.5\netbeans\java\modules\ext\jaxws22\FastInfoset.jar;D:\NetBeans-12.5\netbeans\java\modules\ext\jaxws22\gmbal-api-only.jar;D:\NetBeans-12.5\netbeans\java\modules\ext\jaxws22\ha-api.jar;D:\NetBeans-12.5\netbeans\java\modules\ext\jaxws22\javax.mail_1.4.jar;D:\NetBeans-12.5\netbeans\java\modules\ext\jaxws22\jaxws-rt.jar;D:\NetBeans-12.5\netbeans\java\modules\ext\jaxws22\jaxws-tools.jar;D:\NetBeans-12.5\netbeans\java\modules\ext\jaxws22\management-api.jar;D:\NetBeans-12.5\netbeans\java\modules\ext\jaxws22\mimepull.jar;D:\NetBeans-12.5\netbeans\java\modules\ext\jaxws22\policy.jar;D:\NetBeans-12.5\netbeans\java\modules\ext\jaxws22\saaj-impl.jar;D:\NetBeans-12.5\netbeans\java\modules\ext\jaxws22\stax-ex.jar;D:\NetBeans-12.5\netbeans\java\modules\ext\jaxws22\stax2-api.jar;D:\NetBeans-12.5\netbeans\java\modules\ext\jaxws22\streambuffer.jar;D:\NetBeans-12.5\netbeans\java\modules\ext\jaxws22\woodstox-core-asl.jar;D:\NetBeans-12.5\netbeans\java\modules\ext\jaxws22\api\jaxws-api.jar;D:\NetBeans-12.5\netbeans\java\modules\ext\jaxws22\api\jsr181-api.jar;D:\NetBeans-12.5\netbeans\java\modules\ext\jaxws22\api\javax.annotation.jar;D:\NetBeans-12.5\netbeans\java\modules\ext\jaxws22\api\saaj-api.jar;D:\NetBeans-12.5\netbeans\ide\modules\ext\jaxb\activation.jar;D:\NetBeans-12.5\netbeans\ide\modules\ext\jaxb\api\jaxb-api.jar" />
    <property name="libs.struts.src" value="" />
    <property name="compile.on.save" value="true" />
    <property name="apple.awt.graphics.UseQuartz" value="true" />
    <property name="user.language" value="es" />
    <property name="testng.mode" value="testng" />
    <property name="libs.JAXB-ENDORSED.maven-pom" value="" />
    <property name="libs.eclipselink.maven-pom" value="" />
    <property name="org.netbeans.io.suspend" value="0" />
    <property name="application.vendor" value="Ashley Mendoza V" />
    <property name="test.binaryincludes" value="&lt;nothing&gt;" />
    <property name="manifest.available" value="true" />
    <property name="libs.primefaces.javadoc" value="" />
    <property name="libs.spring-framework300.maven-pom" value="" />
    <property name="run.test.classpath" value="C:\Users\Adria\Downloads\jdk1.8.0_361\jdk1.8.0_361/jre/lib/javaws.jar:C:\Users\Adria\Downloads\jdk1.8.0_361\jdk1.8.0_361/jre/lib/deploy.jar:C:\Users\Adria\Downloads\jdk1.8.0_361\jdk1.8.0_361/jre/lib/plugin.jar:C:\Users\Adria\Downloads\mysql-connector-java-8.0.25.jar:build/classes:D:\NetBeans-12.5\netbeans\platform\modules\ext\junit-4.13.2.jar:D:\NetBeans-12.5\netbeans\platform\modules\ext\hamcrest-core-1.3.jar:build/test/classes" />
    <property name="ant.project.invoked-targets" value="test-single" />
    <property name="test.binaryexcludes" value="" />
    <property name="sun.java2d.dpiaware" value="true" />
    <property name="https.nonProxyHosts" value="localhost|127.0.0.1|Matebook-KevinH" />
    <property name="libs.PostgreSQLDriver.maven-pom" value="" />
    <property name="java.class.version" value="52.0" />
    <property name="libs.javaee-endorsed-api-6.0.src" value="" />
    <property name="libs.MySQL.javadoc" value="" />
    <property name="libs.eclipselink.javadoc" value="D:\NetBeans-12.5\netbeans\java\modules\ext\docs\javax.persistence-2.2.1-doc.zip" />
    <property name="platforms.JDK_1.8.compiler" value="modern" />
    <property name="libs.jsp-compilation.maven-pom" value="" />
    <property name="user.properties.file" value="C:\Users\Adria\AppData\Roaming\NetBeans\12.5\build.properties" />
    <property name="runtime.encoding" value="UTF-8" />
    <property name="javafx.rebase.libs" value="false" />
    <property name="file.encoding.pkg" value="sun.io" />
    <property name="sun.cpu.endian" value="little" />
    <property name="libs.JAXB-ENDORSED.javadoc" value="" />
    <property name="libs.JWSAntTasks.classpath" value="D:\NetBeans-12.5\netbeans\java\ant\extra\org-netbeans-modules-javawebstart-anttasks.jar" />
    <property name="libs.spring-webmvc4.0.maven-pom" value="" />
    <property name="libs.spring-framework300.src" value="" />
    <property name="libs.jstl.src" value="" />
    <property name="empty.dir" value="C:\Users\Adria\OneDrive\Documentos\GitHub\Paradigmas\build\empty" />
    <property name="javafx.deploy.backgroundupdate" value="false" />
    <property name="javafx.disable.concurrent.runs" value="false" />
    <property name="test.binarytestincludes" value="" />
    <property name="javafx.preloader.jar.path" value="" />
    <property name="javadoc.preview" value="true" />
    <property name="libs.jpa20-persistence.javadoc" value="D:\NetBeans-12.5\netbeans\java\modules\ext\docs\javax.persistence-2.2.1-doc.zip" />
    <property name="java.home" value="C:\Users\Adria\Downloads\jdk1.8.0_361\jdk1.8.0_361\jre" />
    <property name="libs.jsp-compilation.src" value="" />
    <property name="libs.jakartaee-web-api-8.0.javadoc" value="D:\NetBeans-12.5\netbeans\enterprise\docs\jakartaee8-doc-api.jar" />
    <property name="debug.test.classpath" value="C:\Users\Adria\Downloads\jdk1.8.0_361\jdk1.8.0_361/jre/lib/javaws.jar:C:\Users\Adria\Downloads\jdk1.8.0_361\jdk1.8.0_361/jre/lib/deploy.jar:C:\Users\Adria\Downloads\jdk1.8.0_361\jdk1.8.0_361/jre/lib/plugin.jar:C:\Users\Adria\Downloads\mysql-connector-java-8.0.25.jar:build/classes:D:\NetBeans-12.5\netbeans\platform\modules\ext\junit-4.13.2.jar:D:\NetBeans-12.5\netbeans\platform\modules\ext\hamcrest-core-1.3.jar:build/test/classes" />
    <property name="libs.javaee-endorsed-api-6.0.classpath" value="D:\NetBeans-12.5\netbeans\enterprise\modules\ext\javaee6-endorsed\javax.annotation.jar;D:\NetBeans-12.5\netbeans\enterprise\modules\ext\javaee6-endorsed\jaxb-api-osgi.jar;D:\NetBeans-12.5\netbeans\enterprise\modules\ext\javaee6-endorsed\webservices-api-osgi.jar" />
    <property name="libs.javaee-api-6.0.src" value="" />
    <property name="netbeans.importclass" value="org.netbeans.upgrade.AutoUpgrade" />
    <property name="ant.project.default-target" value="default" />
    <property name="annotation.processing.run.all.processors" value="true" />
    <property name="jar.archive.disabled" value="true" />
    <property name="libs.PostgreSQLDriver.javadoc" value="" />
    <property name="libs.restlib.classpath" value="D:\NetBeans-12.5\netbeans\enterprise\modules\ext\jersey2\ext\jakarta.annotation-api-1.3.5.jar;D:\NetBeans-12.5\netbeans\enterprise\modules\ext\jersey2\ext\jakarta.persistence-api-2.2.3.jar;D:\NetBeans-12.5\netbeans\enterprise\modules\ext\jersey2\ext\jakarta.servlet-api-4.0.4.jar;D:\NetBeans-12.5\netbeans\enterprise\modules\ext\jersey2\ext\jakarta.validation-api-2.0.2.jar;D:\NetBeans-12.5\netbeans\enterprise\modules\ext\jersey2\ext\jakarta.xml.bind-api-2.3.3.jar;D:\NetBeans-12.5\netbeans\enterprise\modules\ext\jersey2\jersey-client.jar;D:\NetBeans-12.5\netbeans\enterprise\modules\ext\jersey2\jersey-common.jar;D:\NetBeans-12.5\netbeans\enterprise\modules\ext\jersey2\jersey-server.jar;D:\NetBeans-12.5\netbeans\enterprise\modules\ext\jersey2\ext\jersey-entity-filtering-2.34.jar;D:\NetBeans-12.5\netbeans\enterprise\modules\ext\jersey2\ext\jersey-hk2-2.34.jar;D:\NetBeans-12.5\netbeans\enterprise\modules\ext\jersey2\ext\jersey-media-moxy-2.34.jar;D:\NetBeans-12.5\netbeans\enterprise\modules\ext\jersey2\jersey-container-servlet.jar;D:\NetBeans-12.5\netbeans\enterprise\modules\ext\jersey2\jersey-container-servlet-core.jar;D:\NetBeans-12.5\netbeans\enterprise\modules\ext\jersey2\ext\hk2-api-2.6.1.jar;D:\NetBeans-12.5\netbeans\enterprise\modules\ext\jersey2\ext\hk2-locator-2.6.1.jar;D:\NetBeans-12.5\netbeans\enterprise\modules\ext\jersey2\ext\hk2-utils-2.6.1.jar;D:\NetBeans-12.5\netbeans\enterprise\modules\ext\jersey2\ext\jakarta.inject-2.6.1.jar;D:\NetBeans-12.5\netbeans\enterprise\modules\ext\jersey2\ext\aopalliance-repackaged-2.6.1.jar;D:\NetBeans-12.5\netbeans\enterprise\modules\ext\jersey2\ext\osgi.core-8.0.0.jar;D:\NetBeans-12.5\netbeans\enterprise\modules\ext\jersey2\ext\osgi-resource-locator-1.0.3.jar;D:\NetBeans-12.5\netbeans\java\modules\ext\eclipselink\org.eclipse.persistence.core-2.7.7.jar;D:\NetBeans-12.5\netbeans\java\modules\ext\eclipselink\org.eclipse.persistence.asm-2.7.7.jar;D:\NetBeans-12.5\netbeans\java\modules\ext\eclipselink\org.eclipse.persistence.antlr-2.7.7.jar;D:\NetBeans-12.5\netbeans\java\modules\ext\eclipselink\org.eclipse.persistence.jpa-2.7.7.jar;D:\NetBeans-12.5\netbeans\java\modules\ext\eclipselink\org.eclipse.persistence.jpa.jpql-2.7.7.jar;D:\NetBeans-12.5\netbeans\java\modules\ext\eclipselink\org.eclipse.persistence.moxy-2.7.7.jar" />
    <property name="javafx.main.class" value="gestionbiblioteca.GestionBiblioteca" />
    <property name="netbeans.extbrowser.manual_chrome_plugin_install" value="yes" />
    <property name="libs.jakartaee-api-9.0.classpath" value="D:\NetBeans-12.5\netbeans\enterprise\modules\ext\jakarta.jakartaee-api-9.0.0.jar" />
    <property name="javafx.application.implementation.version" value="1.0" />
    <property name="http.nonProxyHosts" value="localhost|127.0.0.1|Matebook-KevinH" />
    <property name="libs.junit_4.javadoc" value="D:\NetBeans-12.5\netbeans\platform\docs\junit-4.13.2-javadoc.jar" />
    <property name="platforms.JDK_1.8.bootclasspath" value="C:\Users\Adria\Downloads\jdk1.8.0_361\jdk1.8.0_361\jre\lib\resources.jar;C:\Users\Adria\Downloads\jdk1.8.0_361\jdk1.8.0_361\jre\lib\rt.jar;C:\Users\Adria\Downloads\jdk1.8.0_361\jdk1.8.0_361\jre\lib\jsse.jar;C:\Users\Adria\Downloads\jdk1.8.0_361\jdk1.8.0_361\jre\lib\jce.jar;C:\Users\Adria\Downloads\jdk1.8.0_361\jdk1.8.0_361\jre\lib\charsets.jar;C:\Users\Adria\Downloads\jdk1.8.0_361\jdk1.8.0_361\jre\lib\jfr.jar;C:\Users\Adria\Downloads\jdk1.8.0_361\jdk1.8.0_361\jre\classes;C:\Users\Adria\Downloads\jdk1.8.0_361\jdk1.8.0_361\jre\lib\ext\access-bridge-64.jar;C:\Users\Adria\Downloads\jdk1.8.0_361\jdk1.8.0_361\jre\lib\ext\cldrdata.jar;C:\Users\Adria\Downloads\jdk1.8.0_361\jdk1.8.0_361\jre\lib\ext\dnsns.jar;C:\Users\Adria\Downloads\jdk1.8.0_361\jdk1.8.0_361\jre\lib\ext\jaccess.jar;C:\Users\Adria\Downloads\jdk1.8.0_361\jdk1.8.0_361\jre\lib\ext\jfxrt.jar;C:\Users\Adria\Downloads\jdk1.8.0_361\jdk1.8.0_361\jre\lib\ext\localedata.jar;C:\Users\Adria\Downloads\jdk1.8.0_361\jdk1.8.0_361\jre\lib\ext\nashorn.jar;C:\Users\Adria\Downloads\jdk1.8.0_361\jdk1.8.0_361\jre\lib\ext\sunec.jar;C:\Users\Adria\Downloads\jdk1.8.0_361\jdk1.8.0_361\jre\lib\ext\sunjce_provider.jar;C:\Users\Adria\Downloads\jdk1.8.0_361\jdk1.8.0_361\jre\lib\ext\sunmscapi.jar;C:\Users\Adria\Downloads\jdk1.8.0_361\jdk1.8.0_361\jre\lib\ext\sunpkcs11.jar;C:\Users\Adria\Downloads\jdk1.8.0_361\jdk1.8.0_361\jre\lib\ext\zipfs.jar" />
    <property name="javac.test.modulepath" value="" />
    <property name="libs.javaee-web-api-6.0.maven-pom" value="" />
    <property name="run.classpath" value="dist/GestionBiblioteca.jar:C:\Users\Adria\Downloads\jdk1.8.0_361\jdk1.8.0_361/jre/lib/javaws.jar:C:\Users\Adria\Downloads\jdk1.8.0_361\jdk1.8.0_361/jre/lib/deploy.jar:C:\Users\Adria\Downloads\jdk1.8.0_361\jdk1.8.0_361/jre/lib/plugin.jar:C:\Users\Adria\Downloads\mysql-connector-java-8.0.25.jar:build/classes" />
    <property name="endorsed.javafx.ant.classpath" value="." />
    <property name="jna.boot.library.name" value="jnidispatch-nb" />
    <property name="libs.javaee-endorsed-api-6.0.javadoc" value="D:\NetBeans-12.5\netbeans\enterprise\docs\javaee-doc-api.jar" />
    <property name="libs.javaee-api-7.0.classpath" value="D:\NetBeans-12.5\netbeans\enterprise\modules\ext\javaee-api-7.0.jar" />
    <property name="sun.awt.datatransfer.timeout" value="1000" />
    <property name="libs.jakartaee-api-9.0.src" value="" />
    <property name="libs.spring-webmvc3.0.javadoc" value="" />
    <property name="annotation.processing.enabled.in.editor" value="false" />
    <property name="nb.native.filechooser" value="true" />
    <property name="libs.restapi.src" value="" />
    <property name="sun.management.compiler" value="HotSpot 64-Bit Tiered Compilers" />
    <property name="javac.deprecation" value="false" />
    <property name="javadoc.use" value="true" />
    <property name="sun.java2d.noddraw" value="true" />
    <property name="libs.jsp-compiler.classpath" value="D:\NetBeans-12.5\netbeans\enterprise\ant\extra\jspcompile.jar" />
    <property name="javac.processorpath" value="C:\Users\Adria\Downloads\jdk1.8.0_361\jdk1.8.0_361/jre/lib/javaws.jar:C:\Users\Adria\Downloads\jdk1.8.0_361\jdk1.8.0_361/jre/lib/deploy.jar:C:\Users\Adria\Downloads\jdk1.8.0_361\jdk1.8.0_361/jre/lib/plugin.jar:C:\Users\Adria\Downloads\mysql-connector-java-8.0.25.jar" />
    <property name="libs.hamcrest.maven-pom" value="" />
    <property name="libs.junit_5.classpath" value="D:\NetBeans-12.5\netbeans\platform\modules\ext\junit-jupiter-api-5.6.0.jar;D:\NetBeans-12.5\netbeans\platform\modules\ext\junit-jupiter-params-5.6.0.jar;D:\NetBeans-12.5\netbeans\platform\modules\ext\junit-jupiter-engine-5.6.0.jar" />
    <property name="javac.compilerargs" value="" />
    <property name="ant.file" value="C:\Users\Adria\OneDrive\Documentos\GitHub\Paradigmas\build.xml" />
    <property name="libs.jsf12.classpath" value="D:\NetBeans-12.5\netbeans\enterprise\modules\ext\jsf-1_2\jsf-api.jar;D:\NetBeans-12.5\netbeans\enterprise\modules\ext\jsf-1_2\jsf-impl.jar" />
    <property name="libs.jstl.maven-pom" value="" />
    <property name="libs.restapi.maven-pom" value="" />
    <property name="java.vm.specification.vendor" value="Oracle Corporation" />
    <property name="org.openide.major.version" value="IDE/1" />
    <property name="java.vm.name" value="Java HotSpot(TM) 64-Bit Server VM" />
    <property name="javafx.preloader.jar.filename" value="" />
    <property name="netbeans.user" value="C:\Users\Adria\AppData\Roaming\NetBeans\12.5" />
    <property name="javadoc.additionalparam" value="" />
    <property name="java.io.tmpdir" value="C:\Users\Adria\AppData\Local\Temp\" />
    <property name="javafx.run.inbrowser.path" value="C:\Program Files\Internet Explorer\iexplore.exe" />
    <property name="java.vendor.url" value="http://java.oracle.com/" />
    <property name="endorsed.classpath.cmd.line.arg" value="" />
    <property name="jna.loaded" value="true" />
    <property name="junit.available" value="true" />
    <property name="libs.javaee-web-api-8.0.classpath" value="D:\NetBeans-12.5\netbeans\enterprise\modules\ext\javaee-web-api-8.0.jar" />
    <property name="do.jlink" value="false" />
    <property name="libs.jakartaee-api-9.0.javadoc" value="D:\NetBeans-12.5\netbeans\enterprise\docs\jakartaee9-doc-api.jar" />
    <property name="libs.jsp-compiler.src" value="" />
    <property name="libs.jakartaee-web-api-9.0.classpath" value="D:\NetBeans-12.5\netbeans\enterprise\modules\ext\jakarta.jakartaee-web-api-9.0.0.jar" />
    <property name="sun.boot.library.path" value="C:\Users\Adria\Downloads\jdk1.8.0_361\jdk1.8.0_361\jre\bin" />
    <property name="have.sources" value="true" />
    <property name="libs.graaljs.classpath" value="D:\NetBeans-12.5\netbeans\webcommon\modules\ext\js-20.3.0.jar;D:\NetBeans-12.5\netbeans\webcommon\modules\ext\js-launcher-20.3.0.jar;D:\NetBeans-12.5\netbeans\webcommon\modules\ext\regex-20.3.0.jar;D:\NetBeans-12.5\netbeans\webcommon\modules\ext\icu4j-67.1.jar;D:\NetBeans-12.5\netbeans\ide\modules\ext\graal-sdk-20.3.0.jar;D:\NetBeans-12.5\netbeans\ide\modules\ext\launcher-common-20.3.0.jar;D:\NetBeans-12.5\netbeans\ide\modules\ext\truffle-api-20.3.0.jar" />
    <property name="libs.hamcrest.javadoc" value="" />
    <property name="debug.classpath" value="dist/GestionBiblioteca.jar:C:\Users\Adria\Downloads\jdk1.8.0_361\jdk1.8.0_361/jre/lib/javaws.jar:C:\Users\Adria\Downloads\jdk1.8.0_361\jdk1.8.0_361/jre/lib/deploy.jar:C:\Users\Adria\Downloads\jdk1.8.0_361\jdk1.8.0_361/jre/lib/plugin.jar:C:\Users\Adria\Downloads\mysql-connector-java-8.0.25.jar:build/classes" />
    <property name="javac.external.vm" value="false" />
    <property name="javadoc.private" value="false" />
    <property name="libs.jakartaee-api-8.0.src" value="" />
    <property name="test.src.dir" value="test" />
    <property name="libs.jakartaee-web-api-9.0.src" value="" />
    <property name="libs.jsf20.classpath" value="D:\NetBeans-12.5\netbeans\enterprise\modules\ext\jsf-2_2\javax.faces.jar" />
    <property name="ap.processors.internal" value="" />
    <property name="libs.javaee-api-8.0.javadoc" value="D:\NetBeans-12.5\netbeans\enterprise\docs\javaee-doc-api.jar" />
    <property name="meta.inf.dir" value="src/META-INF" />
    <property name="javadoc.encoding.used" value="UTF-8" />
    <property name="dist.jar" value="dist/GestionBiblioteca.jar" />
    <property name="libs.spring-framework400.maven-pom" value="" />
    <property name="java.runtime.name" value="Java(TM) SE Runtime Environment" />
    <property name="debug.test.modulepath" value="" />
    <property name="ant.project.name" value="GestionBiblioteca" />
    <property name="libs.spring-webmvc5.0.src" value="" />
    <property name="netbeans.hash.code" value="unique=NB_EXTIDE_JAVA_PHP_WEBCOMMON_WEBEE03ab77a13-feff-448e-8a7f-a5814f6b2409_2295c1fb-0b21-4d3e-b0d8-ab2cbc4b61b1" />
    <property name="netbeans.default_userdir_root" value="C:\Users\Adria\AppData\Roaming\NetBeans" />
    <property name="libs.jsp-compilation-syscp.maven-pom" value="" />
    <property name="platform.javadoc" value="C:\Users\Adria\Downloads\jdk1.8.0_361\jdk1.8.0_361/bin/javadoc" />
    <property name="platform.javadoc.tmp" value="${platforms.JDK_1.8.javadoc}" />
    <property name="sun.cpu.isalist" value="amd64" />
    <property name="libs.jakartaee-web-api-8.0.classpath" value="D:\NetBeans-12.5\netbeans\enterprise\modules\ext\jakarta.jakartaee-web-api-8.0.0.jar" />
    <property name="libs.CopyLibs.javadoc" value="" />
    <property name="libs.spring-framework400.javadoc" value="" />
    <property name="platform.compiler" value="${platforms.JDK_1.8.compile}" />
    <property name="libs.jakartaee-api-8.0.maven-pom" value="" />
    <property name="org.openide.specification.version" value="6.2" />
    <property name="javadoc.html5" value="false" />
    <property name="javafx.classpath.extension" value="C:\Users\Adria\Downloads\jdk1.8.0_361\jdk1.8.0_361/jre/lib/javaws.jar:C:\Users\Adria\Downloads\jdk1.8.0_361\jdk1.8.0_361/jre/lib/deploy.jar:C:\Users\Adria\Downloads\jdk1.8.0_361\jdk1.8.0_361/jre/lib/plugin.jar" />
    <property name="user.home" value="C:\Users\Adria" />
    <property name="annotation.processing.processors.list" value="" />
    <property name="libs.primefaces.maven-pom" value="" />
    <property name="sun.zip.disableMemoryMapping" value="true" />
    <property name="libs.javaee-api-6.0.maven-pom" value="" />
    <property name="libs.JWSAntTasks.src" value="" />
    <property name="platform.javac.tmp" value="${platforms.JDK_1.8.javac}" />
    <property name="libs.CopyLibs.maven-pom" value="" />
    <property name="jar.index" value="false" />
    <property name="libs.absolutelayout.javadoc" value="" />
    <property name="libs.spring-framework300.javadoc" value="" />
    <property name="java.specification.name" value="Java Platform API Specification" />
    <property name="libs.spring-webmvc5.0.maven-pom" value="" />
    <property name="jlink.strip" value="false" />
    <property name="java.specification.vendor" value="Oracle Corporation" />
    <property name="java.version" value="1.8.0_361" />
    <property name="javadoc.version" value="false" />
    <property name="run.jvmargs.ide" value="" />
    <property name="javac.processormodulepath" value="" />
    <property name="org.openide.version" value="deprecated" />
    <property name="source.encoding" value="UTF-8" />
    <property name="platform.java" value="C:\Users\Adria\Downloads\jdk1.8.0_361\jdk1.8.0_361/bin/java" />
    <property name="ap.cmd.line.internal" value="" />
    <property name="java.vm.compressedOopsMode" value="32-bit" />
    <property name="libs.eclipselinkmodelgen.maven-pom" value="" />
    <property name="libs.jsp-compilation-syscp.javadoc" value="" />
    <property name="ant.file.type.jfx-impl" value="file" />
    <property name="libs.javaee-web-api-8.0.src" value="" />
    <property name="libs.javaee-endorsed-api-7.0.classpath" value="D:\NetBeans-12.5\netbeans\enterprise\modules\ext\javaee7-endorsed\javax.annotation-api.jar;D:\NetBeans-12.5\netbeans\enterprise\modules\ext\javaee7-endorsed\javax.xml.soap-api.jar;D:\NetBeans-12.5\netbeans\enterprise\modules\ext\javaee7-endorsed\jaxb-api-osgi.jar;D:\NetBeans-12.5\netbeans\enterprise\modules\ext\javaee7-endorsed\jaxws-api.jar;D:\NetBeans-12.5\netbeans\enterprise\modules\ext\javaee7-endorsed\jsr181-api.jar" />
    <property name="libs.eclipselinkmodelgen.javadoc" value="" />
    <property name="libs.metro.javadoc" value="D:\NetBeans-12.5\netbeans\enterprise\docs\webservices-api-javadoc.jar;D:\NetBeans-12.5\netbeans\enterprise\docs\webservices-extra-javadoc.jar;D:\NetBeans-12.5\netbeans\enterprise\docs\webservices-extra-api-javadoc.jar;D:\NetBeans-12.5\netbeans\enterprise\docs\webservices-rt-javadoc.jar;D:\NetBeans-12.5\netbeans\enterprise\docs\webservices-tools-javadoc.jar" />
    <property name="libs.struts.maven-pom" value="" />
    <property name="ant.file.jfx-impl" value="C:\Users\Adria\OneDrive\Documentos\GitHub\Paradigmas\nbproject\jfx-impl.xml" />
    <property name="jnidispatch.path" value="C:\Users\Adria\AppData\Local\Temp\jna-63120871\jna4552187682241372922.dll" />
    <property name="netbeans.home+have.tests" value="true" />
    <property name="annotation.processing.processor.options" value="" />
    <property name="libs.testng.maven-pom" value="" />
    <property name="libs.jaxb.src" value="" />
    <property name="work.dir" value="C:\Users\Adria\OneDrive\Documentos\GitHub\Paradigmas" />
    <property name="libs.jaxb.classpath" value="D:\NetBeans-12.5\netbeans\ide\modules\ext\jaxb\jaxb-impl.jar;D:\NetBeans-12.5\netbeans\ide\modules\ext\jaxb\jaxb-xjc.jar;D:\NetBeans-12.5\netbeans\ide\modules\ext\jaxb\activation.jar;D:\NetBeans-12.5\netbeans\ide\modules\ext\jaxb\api\jaxb-api.jar" />
    <property name="compile.on.save.unsupported.javafx" value="true" />
    <property name="php.global.include.path" value="" />
    <property name="do.depend" value="false" />
    <property name="dist.javadoc.dir" value="dist/javadoc" />
    <property name="libs.spring-webmvc3.0.classpath" value="D:\NetBeans-12.5\netbeans\java\modules\ext\spring-3.0\spring-webmvc-3.2.18.RELEASE.jar" />
    <property name="libs.javaee-web-api-7.0.maven-pom" value="" />
    <property name="libs.restlib.src" value="" />
    <property name="javac.source" value="1.8" />
    <property name="build.generated.dir" value="build/generated" />
    <property name="java.version.date" value="2019-07-16" />
    <property name="javafx.fallback.class" value="com.javafx.main.NoJavaFXFallback" />
    <property name="line.separator" value="&#xd;&#xa;" />
    <property name="libs.javaee-api-8.0.classpath" value="D:\NetBeans-12.5\netbeans\enterprise\modules\ext\javaee-api-8.0.jar" />
    <property name="java.specification.version" value="1.8" />
    <property name="java.vm.info" value="mixed mode" />
    <property name="libs.jaxws21.maven-pom" value="" />
    <property name="nb.junit.batch" value="true" />
    <property name="junit.forkmode" value="perTest" />
    <property name="platform.java.tmp" value="${platforms.JDK_1.8.java}" />
    <property name="sun.boot.class.path" value="C:\Users\Adria\Downloads\jdk1.8.0_361\jdk1.8.0_361\jre\lib\resources.jar;C:\Users\Adria\Downloads\jdk1.8.0_361\jdk1.8.0_361\jre\lib\rt.jar;C:\Users\Adria\Downloads\jdk1.8.0_361\jdk1.8.0_361\jre\lib\jsse.jar;C:\Users\Adria\Downloads\jdk1.8.0_361\jdk1.8.0_361\jre\lib\jce.jar;C:\Users\Adria\Downloads\jdk1.8.0_361\jdk1.8.0_361\jre\lib\charsets.jar;C:\Users\Adria\Downloads\jdk1.8.0_361\jdk1.8.0_361\jre\lib\jfr.jar;C:\Users\Adria\Downloads\jdk1.8.0_361\jdk1.8.0_361\jre\classes" />
    <property name="javac.target" value="1.8" />
    <property name="built-jar.properties" value="C:\Users\Adria\OneDrive\Documentos\GitHub\Paradigmas\build\built-jar.properties" />
    <property name="build.test.classes.dir" value="build/test/classes" />
    <property name="src.dir" value="src" />
    <property name="javac.test.compilerargs" value="" />
    <property name="sun.awt.keepWorkingSetOnMinimize" value="true" />
    <property name="annotation.processing.enabled" value="true" />
    <property name="libs.jsf20.src" value="" />
    <property name="libs.jpa20-persistence.src" value="" />
    <property name="libs.jsf12.src" value="" />
    <property name="libs.struts.javadoc" value="D:\NetBeans-12.5\netbeans\enterprise\docs\struts-1.3.10-javadoc.zip" />
    <property name="ignore.failing.tests" value="true" />
    <property name="javafx.enable.concurrent.external.runs" value="false" />
    <property name="libs.javaee-web-api-7.0.src" value="" />
    <property name="libs.primefaces.src" value="" />
    <property name="javafx.deploy.embedJNLP" value="true" />
    <property name="dist.dir" value="dist" />
    <property name="libs.groovy-all.javadoc" value="" />
    <property name="jlink.launcher" value="false" />
    <property name="testng.debug.mode" value="" />
    <property name="libs.groovy-all.classpath" value="D:\NetBeans-12.5\netbeans\groovy\modules\ext\groovy-3.0.8.jar;D:\NetBeans-12.5\netbeans\groovy\modules\ext\groovy-ant-3.0.8.jar" />
    <property name="libs.MySQL.classpath" value="C:\Users\Adria\Downloads\mysql-connector-java-8.0.25.jar" />
    <property name="java.awt.printerjob" value="sun.awt.windows.WPrinterJob" />
    <property name="default.javac.source" value="12" />
    <property name="ant.file.type.GestionBiblioteca" value="file" />
    <property name="debug-transport-by-os" value="dt_shmem" />
    <property name="sun.jnu.encoding" value="Cp1252" />
    <property name="run.test.jvmargs" value="" />
    <property name="build.test.results.dir" value="build/test/results" />
    <property name="java.runtime.version" value="1.8.0_361-b09" />
    <property name="javafx.run.inbrowser" value="&lt;Default System Browser&gt;" />
    <property name="default.javac.target" value="12" />
    <property name="libs.junit_4.classpath" value="D:\NetBeans-12.5\netbeans\platform\modules\ext\junit-4.13.2.jar" />
    <property name="user.timezone" value="" />
    <property name="nb.junit.single" value="false" />
    <property name="do.jar" value="true" />
    <property name="libs.javaee-endorsed-api-6.0.maven-pom" value="" />
    <property name="netbeans.dirs" value="D:\NetBeans-12.5\netbeans\nb;D:\NetBeans-12.5\netbeans\ergonomics;D:\NetBeans-12.5\netbeans\ide;D:\NetBeans-12.5\netbeans\extide;D:\NetBeans-12.5\netbeans\java;D:\NetBeans-12.5\netbeans\apisupport;D:\NetBeans-12.5\netbeans\webcommon;D:\NetBeans-12.5\netbeans\websvccommon;D:\NetBeans-12.5\netbeans\enterprise;D:\NetBeans-12.5\netbeans\mobility;D:\NetBeans-12.5\netbeans\profiler;D:\NetBeans-12.5\netbeans\python;D:\NetBeans-12.5\netbeans\php;D:\NetBeans-12.5\netbeans\identity;D:\NetBeans-12.5\netbeans\harness;D:\NetBeans-12.5\netbeans\cnd;D:\NetBeans-12.5\netbeans\cndext;D:\NetBeans-12.5\netbeans\cpplite;D:\NetBeans-12.5\netbeans\dlight;D:\NetBeans-12.5\netbeans\groovy;D:\NetBeans-12.5\netbeans\extra;D:\NetBeans-12.5\netbeans\javacard;D:\NetBeans-12.5\netbeans\javafx;D:\NetBeans-12.5\netbeans\nbuml" />
    <property name="libs.spring-framework500.maven-pom" value="" />
    <property name="libs.jsf20.javadoc" value="D:\NetBeans-12.5\netbeans\enterprise\docs\javaee-doc-api.jar" />
    <property name="libs.jstl.javadoc" value="D:\NetBeans-12.5\netbeans\enterprise\docs\javaee-doc-api.jar" />
    <property name="java.ext.dirs" value="C:\Users\Adria\Downloads\jdk1.8.0_361\jdk1.8.0_361\jre\lib\ext;C:\WINDOWS\Sun\Java\lib\ext" />
    <property name="libs.metro.src" value="" />
    <property name="endorsed.classpath" value="" />
    <property name="libs.absolutelayout.classpath" value="D:\NetBeans-12.5\netbeans\java\modules\ext\AbsoluteLayout.jar" />
    <property name="excludes" value="" />
    <property name="libs.metro.classpath" value="D:\NetBeans-12.5\netbeans\ide\modules\ext\jaxb\activation.jar;D:\NetBeans-12.5\netbeans\enterprise\modules\ext\metro\webservices-api.jar;D:\NetBeans-12.5\netbeans\enterprise\modules\ext\metro\webservices-extra-api.jar;D:\NetBeans-12.5\netbeans\enterprise\modules\ext\metro\webservices-extra.jar;D:\NetBeans-12.5\netbeans\enterprise\modules\ext\metro\webservices-rt.jar;D:\NetBeans-12.5\netbeans\enterprise\modules\ext\metro\webservices-tools.jar" />
    <property name="libs.restlib.maven-pom" value="" />
    <property name="apple.laf.useScreenMenuBar" value="true" />
    <property name="java.class.path" value="C:\Users\Adria\Downloads\jdk1.8.0_361\jdk1.8.0_361\jre\lib\javaws.jar;C:\Users\Adria\Downloads\jdk1.8.0_361\jdk1.8.0_361\jre\lib\deploy.jar;C:\Users\Adria\Downloads\jdk1.8.0_361\jdk1.8.0_361\jre\lib\plugin.jar;C:\Users\Adria\Downloads\mysql-connector-java-8.0.25.jar;C:\Users\Adria\OneDrive\Documentos\GitHub\Paradigmas\build\classes;D:\NetBeans-12.5\netbeans\platform\modules\ext\junit-4.13.2.jar;D:\NetBeans-12.5\netbeans\platform\modules\ext\hamcrest-core-1.3.jar;C:\Users\Adria\OneDrive\Documentos\GitHub\Paradigmas\build\test\classes;D:\NetBeans-12.5\netbeans\extide\ant\lib\ant-launcher.jar;D:\NetBeans-12.5\netbeans\extide\ant\lib\ant.jar;D:\NetBeans-12.5\netbeans\extide\ant\lib\ant-junit.jar;D:\NetBeans-12.5\netbeans\extide\ant\lib\ant-junit4.jar" />
    <property name="ant.file.GestionBiblioteca" value="C:\Users\Adria\OneDrive\Documentos\GitHub\Paradigmas\build.xml" />
    <property name="libs.absolutelayout.src" value="" />
    <property name="libs.jakartaee-api-9.0.maven-pom" value="" />
    <property name="libs.jpa20-persistence.classpath" value="D:\NetBeans-12.5\netbeans\java\modules\ext\eclipselink\javax.persistence-2.2.1.jar" />
    <property name="libs.junit_5.javadoc" value="D:\NetBeans-12.5\netbeans\platform\docs\junit-jupiter-api-5.6.0-javadoc.jar;D:\NetBeans-12.5\netbeans\platform\docs\junit-jupiter-params-5.6.0-javadoc.jar;D:\NetBeans-12.5\netbeans\platform\docs\junit-jupiter-engine-5.6.0-javadoc.jar" />
    <property name="libs.spring-framework500.src" value="" />
    <property name="os.version" value="10.0" />
    <property name="application.args" value="" />
    <property name="libs.jakartaee-api-8.0.javadoc" value="D:\NetBeans-12.5\netbeans\enterprise\docs\jakartaee8-doc-api.jar" />
    <property name="manifest.custom.permissions" value="" />
    <property name="libs.javaee-api-7.0.maven-pom" value="" />
    <property name="main.class.available" value="true" />
    <property name="sun.awt.enableExtraMouseButtons" value="true" />
    <property name="sun.desktop" value="windows" />
    <property name="jlink.launcher.name" value="GestionBiblioteca" />
    <property name="javafx.deploy.allowoffline" value="true" />
    <property name="libs.restlib.javadoc" value="" />
    <property name="libs.JAXB-ENDORSED.classpath" value="D:\NetBeans-12.5\netbeans\ide\modules\ext\jaxb\api\jaxb-api.jar" />
    <property name="nb.internal.action.name" value="test.single" />
    <property name="run.test.modulepath" value="" />
    <property name="libs.javaee-api-7.0.javadoc" value="D:\NetBeans-12.5\netbeans\enterprise\docs\javaee-doc-api.jar" />
    <property name="libs.eclipselink.classpath" value="D:\NetBeans-12.5\netbeans\java\modules\ext\eclipselink\org.eclipse.persistence.core-2.7.7.jar;D:\NetBeans-12.5\netbeans\java\modules\ext\eclipselink\org.eclipse.persistence.asm-2.7.7.jar;D:\NetBeans-12.5\netbeans\java\modules\ext\eclipselink\org.eclipse.persistence.antlr-2.7.7.jar;D:\NetBeans-12.5\netbeans\java\modules\ext\eclipselink\org.eclipse.persistence.jpa-2.7.7.jar;D:\NetBeans-12.5\netbeans\java\modules\ext\eclipselink\org.eclipse.persistence.jpa.jpql-2.7.7.jar;D:\NetBeans-12.5\netbeans\java\modules\ext\eclipselink\org.eclipse.persistence.moxy-2.7.7.jar;D:\NetBeans-12.5\netbeans\java\modules\ext\eclipselink\javax.persistence-2.2.1.jar" />
    <property name="java.awt.graphicsenv" value="sun.awt.Win32GraphicsEnvironment" />
    <property name="java.vm.vendor" value="Oracle Corporation" />
    <property name="libs.CopyLibs.classpath" value="D:\NetBeans-12.5\netbeans\java\ant\extra\org-netbeans-modules-java-j2seproject-copylibstask.jar" />
    <property name="libs.javaee-api-8.0.src" value="" />
    <property name="libs.spring-framework300.classpath" value="D:\NetBeans-12.5\netbeans\platform\modules\org-apache-commons-logging.jar;D:\NetBeans-12.5\netbeans\java\modules\ext\cglib-2.2.jar;D:\NetBeans-12.5\netbeans\java\modules\ext\spring-3.0\spring-aop-3.2.18.RELEASE.jar;D:\NetBeans-12.5\netbeans\java\modules\ext\spring-3.0\spring-aspects-3.2.18.RELEASE.jar;D:\NetBeans-12.5\netbeans\java\modules\ext\spring-3.0\spring-beans-3.2.18.RELEASE.jar;D:\NetBeans-12.5\netbeans\java\modules\ext\spring-3.0\spring-context-3.2.18.RELEASE.jar;D:\NetBeans-12.5\netbeans\java\modules\ext\spring-3.0\spring-context-support-3.2.18.RELEASE.jar;D:\NetBeans-12.5\netbeans\java\modules\ext\spring-3.0\spring-core-3.2.18.RELEASE.jar;D:\NetBeans-12.5\netbeans\java\modules\ext\spring-3.0\spring-expression-3.2.18.RELEASE.jar;D:\NetBeans-12.5\netbeans\java\modules\ext\spring-3.0\spring-instrument-3.2.18.RELEASE.jar;D:\NetBeans-12.5\netbeans\java\modules\ext\spring-3.0\spring-instrument-tomcat-3.2.18.RELEASE.jar;D:\NetBeans-12.5\netbeans\java\modules\ext\spring-3.0\spring-jdbc-3.2.18.RELEASE.jar;D:\NetBeans-12.5\netbeans\java\modules\ext\spring-3.0\spring-jms-3.2.18.RELEASE.jar;D:\NetBeans-12.5\netbeans\java\modules\ext\spring-3.0\spring-orm-3.2.18.RELEASE.jar;D:\NetBeans-12.5\netbeans\java\modules\ext\spring-3.0\spring-oxm-3.2.18.RELEASE.jar;D:\NetBeans-12.5\netbeans\java\modules\ext\spring-3.0\spring-struts-3.2.18.RELEASE.jar;D:\NetBeans-12.5\netbeans\java\modules\ext\spring-3.0\spring-test-3.2.18.RELEASE.jar;D:\NetBeans-12.5\netbeans\java\modules\ext\spring-3.0\spring-tx-3.2.18.RELEASE.jar;D:\NetBeans-12.5\netbeans\java\modules\ext\spring-3.0\spring-web-3.2.18.RELEASE.jar;D:\NetBeans-12.5\netbeans\java\modules\ext\spring-3.0\spring-webmvc-3.2.18.RELEASE.jar;D:\NetBeans-12.5\netbeans\java\modules\ext\spring-3.0\spring-webmvc-portlet-3.2.18.RELEASE.jar" />
    <property name="libs.jsp-compiler.maven-pom" value="" />
    <property name="libs.junit_5.maven-pom" value="" />
    <property name="libs.hamcrest.src" value="" />
    <property name="run.jvmargs" value="" />
    <property name="libs.JAXB-ENDORSED.src" value="" />
    <property name="libs.testng.javadoc" value="D:\NetBeans-12.5\netbeans\platform\docs\testng-6.13.1-javadoc.jar" />
    <property name="platforms.JDK_1.8.home" value="C:\Users\Adria\Downloads\jdk1.8.0_361\jdk1.8.0_361" />
    <property name="user.script" value="" />
    <property name="libs.PostgreSQLDriver.classpath" value="D:\NetBeans-12.5\netbeans\ide\modules\ext\postgresql-42.2.16.jar" />
    <property name="libs.jsf12.maven-pom" value="" />
    <property name="annotation.processing.source.output" value="build/generated-sources/ap-source-output" />
    <property name="main.class" value="com.javafx.main.Main" />
    <property name="libs.CopyLibs.src" value="" />
    <property name="build.dir" value="build" />
    <property name="ant.file.GestionBiblioteca-impl" value="C:\Users\Adria\OneDrive\Documentos\GitHub\Paradigmas\nbproject\build-impl.xml" />
    <property name="libs.jsp-compilation.classpath" value="D:\NetBeans-12.5\netbeans\extide\ant\lib\ant.jar;D:\NetBeans-12.5\netbeans\enterprise\modules\ext\servlet3.1-jsp2.3-api.jar;D:\NetBeans-12.5\netbeans\enterprise\modules\ext\glassfish-jspparser-4.0.jar;D:\NetBeans-12.5\netbeans\enterprise\modules\ext\jsf-2_2\javax.faces.jar;D:\NetBeans-12.5\netbeans\enterprise\modules\ext\jstl-api.jar;D:\NetBeans-12.5\netbeans\extide\ant\lib\ant-launcher.jar" />
    <property name="libs.javaee-web-api-8.0.javadoc" value="D:\NetBeans-12.5\netbeans\enterprise\docs\javaee-doc-api.jar" />
    <property name="debug.modulepath" value="" />
    <property name="ant.version" value="Apache Ant(TM) version 1.10.8 compiled on May 10 2020" />
    <property name="file.encoding" value="Cp1252" />
    <property name="build.classes.excludes" value="**/*.java,**/*.form" />
    <property name="javadoc.nonavbar" value="false" />
    <property name="libs.spring-webmvc4.0.classpath" value="D:\NetBeans-12.5\netbeans\java\modules\ext\spring-4\spring-webmvc-4.3.29.RELEASE.jar" />
    <property name="platform.active" value="JDK_1.8" />
    <property name="libs.javaee-web-api-8.0.maven-pom" value="" />
    <property name="awt.toolkit" value="sun.awt.windows.WToolkit" />
    <property name="libs.javaee-web-api-7.0.javadoc" value="D:\NetBeans-12.5\netbeans\enterprise\docs\javaee-doc-api.jar" />
  </properties>
  <testcase classname="Fine.FineIT" name="testGetDueDate" time="0.007">
    <failure message="expected:&lt;&gt; but was:&lt;null&gt;" type="junit.framework.AssertionFailedError">junit.framework.AssertionFailedError: expected:&lt;&gt; but was:&lt;null&gt;
	at Fine.FineIT.testGetDueDate(FineIT.java:175)
</failure>
  </testcase>
  <testcase classname="Fine.FineIT" name="testApplyFine" time="0.001">
    <error message="Not supported yet." type="java.lang.UnsupportedOperationException">java.lang.UnsupportedOperationException: Not supported yet.
	at Fine.Fine.applyFine(Fine.java:26)
	at Fine.FineIT.testApplyFine(FineIT.java:52)
</error>
  </testcase>
  <testcase classname="Fine.FineIT" name="testSetComment" time="0.0">
    <failure message="The test case is a prototype." type="junit.framework.AssertionFailedError">junit.framework.AssertionFailedError: The test case is a prototype.
	at Fine.FineIT.testSetComment(FineIT.java:217)
</failure>
  </testcase>
  <testcase classname="Fine.FineIT" name="testToString" time="0.002">
    <failure message="expected:&lt;[]&gt; but was:&lt;[Fine{amount=null, user=null, fineDate=null, paymentDate=null, dueDate=null, comment=null}]&gt;" type="junit.framework.AssertionFailedError">junit.framework.AssertionFailedError: expected:&lt;[]&gt; but was:&lt;[Fine{amount=null, user=null, fineDate=null, paymentDate=null, dueDate=null, comment=null}]&gt;
	at Fine.FineIT.testToString(FineIT.java:229)
</failure>
  </testcase>
  <testcase classname="Fine.FineIT" name="testSetPaymentDate" time="0.001">
    <failure message="The test case is a prototype." type="junit.framework.AssertionFailedError">junit.framework.AssertionFailedError: The test case is a prototype.
	at Fine.FineIT.testSetPaymentDate(FineIT.java:163)
</failure>
  </testcase>
  <testcase classname="Fine.FineIT" name="testGetUser" time="0.001">
    <failure message="The test case is a prototype." type="junit.framework.AssertionFailedError">junit.framework.AssertionFailedError: The test case is a prototype.
	at Fine.FineIT.testGetUser(FineIT.java:96)
</failure>
  </testcase>
  <testcase classname="Fine.FineIT" name="testSetDueDate" time="0.0">
    <failure message="The test case is a prototype." type="junit.framework.AssertionFailedError">junit.framework.AssertionFailedError: The test case is a prototype.
	at Fine.FineIT.testSetDueDate(FineIT.java:190)
</failure>
  </testcase>
  <testcase classname="Fine.FineIT" name="testSetFineDate" time="0.001">
    <failure message="The test case is a prototype." type="junit.framework.AssertionFailedError">junit.framework.AssertionFailedError: The test case is a prototype.
	at Fine.FineIT.testSetFineDate(FineIT.java:136)
</failure>
  </testcase>
  <testcase classname="Fine.FineIT" name="testSetAmount" time="0.001">
    <failure message="The test case is a prototype." type="junit.framework.AssertionFailedError">junit.framework.AssertionFailedError: The test case is a prototype.
	at Fine.FineIT.testSetAmount(FineIT.java:82)
</failure>
  </testcase>
  <testcase classname="Fine.FineIT" name="testGetFineDate" time="0.001">
    <failure message="expected:&lt;&gt; but was:&lt;null&gt;" type="junit.framework.AssertionFailedError">junit.framework.AssertionFailedError: expected:&lt;&gt; but was:&lt;null&gt;
	at Fine.FineIT.testGetFineDate(FineIT.java:121)
</failure>
  </testcase>
  <testcase classname="Fine.FineIT" name="testGetPaymentDate" time="0.001">
    <failure message="expected:&lt;&gt; but was:&lt;null&gt;" type="junit.framework.AssertionFailedError">junit.framework.AssertionFailedError: expected:&lt;&gt; but was:&lt;null&gt;
	at Fine.FineIT.testGetPaymentDate(FineIT.java:148)
</failure>
  </testcase>
  <testcase classname="Fine.FineIT" name="testGetAmount" time="0.0">
    <failure message="expected:&lt;&gt; but was:&lt;null&gt;" type="junit.framework.AssertionFailedError">junit.framework.AssertionFailedError: expected:&lt;&gt; but was:&lt;null&gt;
	at Fine.FineIT.testGetAmount(FineIT.java:67)
</failure>
  </testcase>
  <testcase classname="Fine.FineIT" name="testGetComment" time="0.001">
    <failure message="expected:&lt;&gt; but was:&lt;null&gt;" type="junit.framework.AssertionFailedError">junit.framework.AssertionFailedError: expected:&lt;&gt; but was:&lt;null&gt;
	at Fine.FineIT.testGetComment(FineIT.java:202)
</failure>
  </testcase>
  <testcase classname="Fine.FineIT" name="testSetUser" time="0.001">
    <failure message="The test case is a prototype." type="junit.framework.AssertionFailedError">junit.framework.AssertionFailedError: The test case is a prototype.
	at Fine.FineIT.testSetUser(FineIT.java:109)
</failure>
  </testcase>
  <system-out><![CDATA[getDueDate
applyFine
setComment
toString
setPaymentDate
getUser
setDueDate
setFineDate
setAmount
getFineDate
getPaymentDate
getAmount
getComment
setUser
]]></system-out>
  <system-err><![CDATA[]]></system-err>
</testsuite>
